[1106/181413.765:ERROR:process_memory_win.cc(73)] ReadMemory at 0x7ff6499c0000 of 64 bytes failed: 仅完成部分的 ReadProcessMemory 或 WriteProcessMemory 请求。 (0x12B)
[1106/181413.770:WARNING:pe_image_reader.cc(340)] could not read dos header from C:\Program Files (x86)\Google\Chrome\Application\chrome.exe
[1106/181413.770:ERROR:process_memory_win.cc(73)] ReadMemory at 0x7ffdacce0000 of 64 bytes failed: 仅完成部分的 ReadProcessMemory 或 WriteProcessMemory 请求。 (0x12B)
[1106/181413.770:WARNING:pe_image_reader.cc(340)] could not read dos header from C:\WINDOWS\SYSTEM32\ntdll.dll
[1106/181413.770:ERROR:process_memory_win.cc(73)] ReadMemory at 0x7ffdac230000 of 64 bytes failed: 仅完成部分的 ReadProcessMemory 或 WriteProcessMemory 请求。 (0x12B)
[1106/181413.770:WARNING:pe_image_reader.cc(340)] could not read dos header from C:\WINDOWS\System32\KERNEL32.DLL
[1106/181413.770:ERROR:process_memory_win.cc(73)] ReadMemory at 0x7ffda9de0000 of 64 bytes failed: 仅完成部分的 ReadProcessMemory 或 WriteProcessMemory 请求。 (0x12B)
[1106/181413.770:WARNING:pe_image_reader.cc(340)] could not read dos header from C:\WINDOWS\System32\KERNELBASE.dll
[1106/181413.770:ERROR:process_memory_win.cc(73)] ReadMemory at 0x7ffd815d0000 of 64 bytes failed: 仅完成部分的 ReadProcessMemory 或 WriteProcessMemory 请求。 (0x12B)
[1106/181413.771:WARNING:pe_image_reader.cc(340)] could not read dos header from C:\Program Files (x86)\Google\Chrome\Application\78.0.3904.70\chrome_elf.dll
[1106/181413.771:ERROR:process_memory_win.cc(73)] ReadMemory at 0x7ffda8b90000 of 64 bytes failed: 仅完成部分的 ReadProcessMemory 或 WriteProcessMemory 请求。 (0x12B)
[1106/181413.771:WARNING:pe_image_reader.cc(340)] could not read dos header from C:\WINDOWS\SYSTEM32\VERSION.dll
[1106/181413.771:ERROR:process_memory_win.cc(73)] ReadMemory at 0x7ffdab850000 of 64 bytes failed: 仅完成部分的 ReadProcessMemory 或 WriteProcessMemory 请求。 (0x12B)
[1106/181413.771:WARNING:pe_image_reader.cc(340)] could not read dos header from C:\WINDOWS\System32\msvcrt.dll
[1106/181413.771:ERROR:process_memory_win.cc(73)] ReadMemory at 0x5e5a0000 of 64 bytes failed: 仅完成部分的 ReadProcessMemory 或 WriteProcessMemory 请求。 (0x12B)
[1106/181413.771:WARNING:pe_image_reader.cc(340)] could not read dos header from C:\Program Files (x86)\360\360Safe\safemon\SafeWrapper.dll
[1106/181413.771:ERROR:process_memory_win.cc(73)] ReadMemory at 0x5e400000 of 64 bytes failed: 仅完成部分的 ReadProcessMemory 或 WriteProcessMemory 请求。 (0x12B)
[1106/181413.771:WARNING:pe_image_reader.cc(340)] could not read dos header from C:\Program Files (x86)\360\360Safe\safemon\safemon64.dll
[1106/181413.771:ERROR:process_memory_win.cc(73)] ReadMemory at 0x7ffdacb00000 of 64 bytes failed: 仅完成部分的 ReadProcessMemory 或 WriteProcessMemory 请求。 (0x12B)
[1106/181413.771:WARNING:pe_image_reader.cc(340)] could not read dos header from C:\WINDOWS\System32\USER32.dll
[1106/181413.771:ERROR:process_memory_win.cc(73)] ReadMemory at 0x7ffdaa330000 of 64 bytes failed: 仅完成部分的 ReadProcessMemory 或 WriteProcessMemory 请求。 (0x12B)
[1106/181413.771:WARNING:pe_image_reader.cc(340)] could not read dos header from C:\WINDOWS\System32\win32u.dll
[1106/181413.771:ERROR:process_memory_win.cc(73)] ReadMemory at 0x7ffdaba40000 of 64 bytes failed: 仅完成部分的 ReadProcessMemory 或 WriteProcessMemory 请求。 (0x12B)
[1106/181413.771:WARNING:pe_image_reader.cc(340)] could not read dos header from C:\WINDOWS\System32\GDI32.dll
[1106/181413.771:ERROR:process_memory_win.cc(73)] ReadMemory at 0x7ffdaab90000 of 64 bytes failed: 仅完成部分的 ReadProcessMemory 或 WriteProcessMemory 请求。 (0x12B)
[1106/181413.771:WARNING:pe_image_reader.cc(340)] could not read dos header from C:\WINDOWS\System32\gdi32full.dll
[1106/181413.771:ERROR:process_memory_win.cc(73)] ReadMemory at 0x7ffda9d40000 of 64 bytes failed: 仅完成部分的 ReadProcessMemory 或 WriteProcessMemory 请求。 (0x12B)
[1106/181413.771:WARNING:pe_image_reader.cc(340)] could not read dos header from C:\WINDOWS\System32\msvcp_win.dll
[1106/181413.771:ERROR:process_memory_win.cc(73)] ReadMemory at 0x7ffdaa090000 of 64 bytes failed: 仅完成部分的 ReadProcessMemory 或 WriteProcessMemory 请求。 (0x12B)
[1106/181413.771:WARNING:pe_image_reader.cc(340)] could not read dos header from C:\WINDOWS\System32\ucrtbase.dll
[1106/181413.771:ERROR:process_memory_win.cc(73)] ReadMemory at 0x7ffdac180000 of 64 bytes failed: 仅完成部分的 ReadProcessMemory 或 WriteProcessMemory 请求。 (0x12B)
[1106/181413.771:WARNING:pe_image_reader.cc(340)] could not read dos header from C:\WINDOWS\System32\ADVAPI32.dll
[1106/181413.771:ERROR:process_memory_win.cc(73)] ReadMemory at 0x7ffdab180000 of 64 bytes failed: 仅完成部分的 ReadProcessMemory 或 WriteProcessMemory 请求。 (0x12B)
[1106/181413.771:WARNING:pe_image_reader.cc(340)] could not read dos header from C:\WINDOWS\System32\sechost.dll
[1106/181413.771:ERROR:process_memory_win.cc(73)] ReadMemory at 0x7ffdabb30000 of 64 bytes failed: 仅完成部分的 ReadProcessMemory 或 WriteProcessMemory 请求。 (0x12B)
[1106/181413.771:WARNING:pe_image_reader.cc(340)] could not read dos header from C:\WINDOWS\System32\RPCRT4.dll
[1106/181413.772:ERROR:process_memory_win.cc(73)] ReadMemory at 0x7ffdac410000 of 64 bytes failed: 仅完成部分的 ReadProcessMemory 或 WriteProcessMemory 请求。 (0x12B)
[1106/181413.772:WARNING:pe_image_reader.cc(340)] could not read dos header from C:\WINDOWS\System32\SHELL32.dll
[1106/181413.772:ERROR:process_memory_win.cc(73)] ReadMemory at 0x7ffda9cf0000 of 64 bytes failed: 仅完成部分的 ReadProcessMemory 或 WriteProcessMemory 请求。 (0x12B)
[1106/181413.772:WARNING:pe_image_reader.cc(340)] could not read dos header from C:\WINDOWS\System32\cfgmgr32.dll
[1106/181413.772:ERROR:process_memory_win.cc(73)] ReadMemory at 0x7ffdaad90000 of 64 bytes failed: 仅完成部分的 ReadProcessMemory 或 WriteProcessMemory 请求。 (0x12B)
[1106/181413.772:WARNING:pe_image_reader.cc(340)] could not read dos header from C:\WINDOWS\System32\shcore.dll
[1106/181413.772:ERROR:process_memory_win.cc(73)] ReadMemory at 0x7ffdaae40000 of 64 bytes failed: 仅完成部分的 ReadProcessMemory 或 WriteProcessMemory 请求。 (0x12B)
[1106/181413.772:WARNING:pe_image_reader.cc(340)] could not read dos header from C:\WINDOWS\System32\combase.dll
[1106/181413.772:ERROR:process_memory_win.cc(73)] ReadMemory at 0x7ffda9c70000 of 64 bytes failed: 仅完成部分的 ReadProcessMemory 或 WriteProcessMemory 请求。 (0x12B)
[1106/181413.772:WARNING:pe_image_reader.cc(340)] could not read dos header from C:\WINDOWS\System32\bcryptPrimitives.dll
[1106/181413.772:ERROR:process_memory_win.cc(73)] ReadMemory at 0x7ffdaa410000 of 64 bytes failed: 仅完成部分的 ReadProcessMemory 或 WriteProcessMemory 请求。 (0x12B)
[1106/181413.772:WARNING:pe_image_reader.cc(340)] could not read dos header from C:\WINDOWS\System32\windows.storage.dll
[1106/181413.772:ERROR:process_memory_win.cc(73)] ReadMemory at 0x7ffda9c30000 of 64 bytes failed: 仅完成部分的 ReadProcessMemory 或 WriteProcessMemory 请求。 (0x12B)
[1106/181413.772:WARNING:pe_image_reader.cc(340)] could not read dos header from C:\WINDOWS\System32\profapi.dll
[1106/181413.772:ERROR:process_memory_win.cc(73)] ReadMemory at 0x7ffda9be0000 of 64 bytes failed: 仅完成部分的 ReadProcessMemory 或 WriteProcessMemory 请求。 (0x12B)
[1106/181413.772:WARNING:pe_image_reader.cc(340)] could not read dos header from C:\WINDOWS\System32\powrprof.dll
[1106/181413.772:ERROR:process_memory_win.cc(73)] ReadMemory at 0x7ffda9bb0000 of 64 bytes failed: 仅完成部分的 ReadProcessMemory 或 WriteProcessMemory 请求。 (0x12B)
[1106/181413.772:WARNING:pe_image_reader.cc(340)] could not read dos header from C:\WINDOWS\System32\UMPDC.dll
[1106/181413.772:ERROR:process_memory_win.cc(73)] ReadMemory at 0x7ffdabfc0000 of 64 bytes failed: 仅完成部分的 ReadProcessMemory 或 WriteProcessMemory 请求。 (0x12B)
[1106/181413.772:WARNING:pe_image_reader.cc(340)] could not read dos header from C:\WINDOWS\System32\shlwapi.dll
[1106/181413.772:ERROR:process_memory_win.cc(73)] ReadMemory at 0x7ffda9bc0000 of 64 bytes failed: 仅完成部分的 ReadProcessMemory 或 WriteProcessMemory 请求。 (0x12B)
[1106/181413.772:WARNING:pe_image_reader.cc(340)] could not read dos header from C:\WINDOWS\System32\kernel.appcore.dll
[1106/181413.772:ERROR:process_memory_win.cc(73)] ReadMemory at 0x7ffdaa190000 of 64 bytes failed: 仅完成部分的 ReadProcessMemory 或 WriteProcessMemory 请求。 (0x12B)
[1106/181413.772:WARNING:pe_image_reader.cc(340)] could not read dos header from C:\WINDOWS\System32\cryptsp.dll
[1106/181413.772:ERROR:process_memory_win.cc(73)] ReadMemory at 0x7ffdac020000 of 64 bytes failed: 仅完成部分的 ReadProcessMemory 或 WriteProcessMemory 请求。 (0x12B)
[1106/181413.772:WARNING:pe_image_reader.cc(340)] could not read dos header from C:\WINDOWS\System32\ole32.dll
[1106/181413.773:ERROR:process_memory_win.cc(73)] ReadMemory at 0x7ffdabcb0000 of 64 bytes failed: 仅完成部分的 ReadProcessMemory 或 WriteProcessMemory 请求。 (0x12B)
[1106/181413.773:WARNING:pe_image_reader.cc(340)] could not read dos header from C:\WINDOWS\System32\OLEAUT32.dll
[1106/181413.773:ERROR:process_memory_win.cc(73)] ReadMemory at 0x7ffdac3a0000 of 64 bytes failed: 仅完成部分的 ReadProcessMemory 或 WriteProcessMemory 请求。 (0x12B)
[1106/181413.773:WARNING:pe_image_reader.cc(340)] could not read dos header from C:\WINDOWS\System32\WS2_32.dll
[1106/181413.773:ERROR:process_memory_win.cc(73)] ReadMemory at 0x7ffdabdf0000 of 64 bytes failed: 仅完成部分的 ReadProcessMemory 或 WriteProcessMemory 请求。 (0x12B)
[1106/181413.773:WARNING:pe_image_reader.cc(340)] could not read dos header from C:\WINDOWS\System32\imagehlp.dll
[1106/181413.773:ERROR:process_memory_win.cc(73)] ReadMemory at 0x7ffdabde0000 of 64 bytes failed: 仅完成部分的 ReadProcessMemory 或 WriteProcessMemory 请求。 (0x12B)
[1106/181413.773:WARNING:pe_image_reader.cc(340)] could not read dos header from C:\WINDOWS\System32\PSAPI.DLL
[1106/181413.773:ERROR:process_memory_win.cc(73)] ReadMemory at 0x7ffd987f0000 of 64 bytes failed: 仅完成部分的 ReadProcessMemory 或 WriteProcessMemory 请求。 (0x12B)
[1106/181413.773:WARNING:pe_image_reader.cc(340)] could not read dos header from C:\WINDOWS\SYSTEM32\NETAPI32.dll
[1106/181413.773:ERROR:process_memory_win.cc(73)] ReadMemory at 0x7ffda9110000 of 64 bytes failed: 仅完成部分的 ReadProcessMemory 或 WriteProcessMemory 请求。 (0x12B)
[1106/181413.773:WARNING:pe_image_reader.cc(340)] could not read dos header from C:\WINDOWS\SYSTEM32\NETUTILS.DLL
[1106/181413.773:ERROR:process_memory_win.cc(73)] ReadMemory at 0x7ffda41d0000 of 64 bytes failed: 仅完成部分的 ReadProcessMemory 或 WriteProcessMemory 请求。 (0x12B)
[1106/181413.773:WARNING:pe_image_reader.cc(340)] could not read dos header from C:\WINDOWS\SYSTEM32\WKSCLI.DLL
[1106/181413.773:ERROR:process_memory_win.cc(73)] ReadMemory at 0x7ffdaa300000 of 64 bytes failed: 仅完成部分的 ReadProcessMemory 或 WriteProcessMemory 请求。 (0x12B)
[1106/181413.773:WARNING:pe_image_reader.cc(340)] could not read dos header from C:\WINDOWS\System32\bcrypt.dll
[1106/181413.773:ERROR:process_memory_win.cc(73)] ReadMemory at 0x7ffdaba80000 of 64 bytes failed: 仅完成部分的 ReadProcessMemory 或 WriteProcessMemory 请求。 (0x12B)
[1106/181413.773:WARNING:pe_image_reader.cc(340)] could not read dos header from C:\WINDOWS\System32\IMM32.DLL
[1106/181413.773:ERROR:process_memory_win.cc(73)] ReadMemory at 0x7ffdaad30000 of 64 bytes failed: 仅完成部分的 ReadProcessMemory 或 WriteProcessMemory 请求。 (0x12B)
[1106/181413.773:WARNING:pe_image_reader.cc(340)] could not read dos header from C:\WINDOWS\System32\WINTRUST.DLL
[1106/181413.773:ERROR:process_memory_win.cc(73)] ReadMemory at 0x7ffda9c50000 of 64 bytes failed: 仅完成部分的 ReadProcessMemory 或 WriteProcessMemory 请求。 (0x12B)
[1106/181413.773:WARNING:pe_image_reader.cc(340)] could not read dos header from C:\WINDOWS\System32\MSASN1.dll
[1106/181413.773:ERROR:process_memory_win.cc(73)] ReadMemory at 0x7ffdaa1b0000 of 64 bytes failed: 仅完成部分的 ReadProcessMemory 或 WriteProcessMemory 请求。 (0x12B)
[1106/181413.773:WARNING:pe_image_reader.cc(340)] could not read dos header from C:\WINDOWS\System32\CRYPT32.dll
[1106/181413.774:ERROR:process_memory_win.cc(73)] ReadMemory at 0x7ffda8f30000 of 64 bytes failed: 仅完成部分的 ReadProcessMemory 或 WriteProcessMemory 请求。 (0x12B)
[1106/181413.774:WARNING:pe_image_reader.cc(340)] could not read dos header from C:\WINDOWS\system32\rsaenh.dll
[1106/181413.774:ERROR:process_memory_win.cc(73)] ReadMemory at 0x7ffda9590000 of 64 bytes failed: 仅完成部分的 ReadProcessMemory 或 WriteProcessMemory 请求。 (0x12B)
[1106/181413.774:WARNING:pe_image_reader.cc(340)] could not read dos header from C:\WINDOWS\SYSTEM32\CRYPTBASE.dll
[1106/181413.774:ERROR:process_memory_win.cc(73)] ReadMemory at 0x7ffd5dfc0000 of 64 bytes failed: 仅完成部分的 ReadProcessMemory 或 WriteProcessMemory 请求。 (0x12B)
[1106/181413.774:WARNING:pe_image_reader.cc(340)] could not read dos header from C:\Program Files (x86)\Google\Chrome\Application\78.0.3904.70\chrome_child.dll
[1106/181413.774:ERROR:process_memory_win.cc(73)] ReadMemory at 0x7ffda90d0000 of 64 bytes failed: 仅完成部分的 ReadProcessMemory 或 WriteProcessMemory 请求。 (0x12B)
[1106/181413.774:WARNING:pe_image_reader.cc(340)] could not read dos header from C:\WINDOWS\SYSTEM32\IPHLPAPI.DLL
[1106/181413.774:ERROR:process_memory_win.cc(73)] ReadMemory at 0x7ffda03c0000 of 64 bytes failed: 仅完成部分的 ReadProcessMemory 或 WriteProcessMemory 请求。 (0x12B)
[1106/181413.774:WARNING:pe_image_reader.cc(340)] could not read dos header from C:\WINDOWS\SYSTEM32\WINMM.dll
[1106/181413.774:ERROR:process_memory_win.cc(73)] ReadMemory at 0x7ffda9aa0000 of 64 bytes failed: 仅完成部分的 ReadProcessMemory 或 WriteProcessMemory 请求。 (0x12B)
[1106/181413.774:WARNING:pe_image_reader.cc(340)] could not read dos header from C:\WINDOWS\SYSTEM32\USERENV.dll
[1106/181413.774:ERROR:process_memory_win.cc(73)] ReadMemory at 0x7ffd9d1b0000 of 64 bytes failed: 仅完成部分的 ReadProcessMemory 或 WriteProcessMemory 请求。 (0x12B)
[1106/181413.774:WARNING:pe_image_reader.cc(340)] could not read dos header from C:\WINDOWS\SYSTEM32\DWrite.dll
[1106/181413.774:ERROR:process_memory_win.cc(73)] ReadMemory at 0x7ffd8f270000 of 64 bytes failed: 仅完成部分的 ReadProcessMemory 或 WriteProcessMemory 请求。 (0x12B)
[1106/181413.774:WARNING:pe_image_reader.cc(340)] could not read dos header from C:\WINDOWS\SYSTEM32\WINSPOOL.DRV
[1106/181413.774:ERROR:process_memory_win.cc(73)] ReadMemory at 0x7ffda2390000 of 64 bytes failed: 仅完成部分的 ReadProcessMemory 或 WriteProcessMemory 请求。 (0x12B)
[1106/181413.774:WARNING:pe_image_reader.cc(340)] could not read dos header from C:\WINDOWS\SYSTEM32\dbghelp.dll
[1106/181413.774:ERROR:process_memory_win.cc(73)] ReadMemory at 0x7ffda8ba0000 of 64 bytes failed: 仅完成部分的 ReadProcessMemory 或 WriteProcessMemory 请求。 (0x12B)
[1106/181413.774:WARNING:pe_image_reader.cc(340)] could not read dos header from C:\WINDOWS\SYSTEM32\Secur32.dll
[1106/181413.774:ERROR:process_memory_win.cc(73)] ReadMemory at 0x7ffda3f00000 of 64 bytes failed: 仅完成部分的 ReadProcessMemory 或 WriteProcessMemory 请求。 (0x12B)
[1106/181413.774:WARNING:pe_image_reader.cc(340)] could not read dos header from C:\WINDOWS\SYSTEM32\WINHTTP.dll
[1106/181413.774:ERROR:process_memory_win.cc(73)] ReadMemory at 0x7ffda5aa0000 of 64 bytes failed: 仅完成部分的 ReadProcessMemory 或 WriteProcessMemory 请求。 (0x12B)
[1106/181413.774:WARNING:pe_image_reader.cc(340)] could not read dos header from C:\WINDOWS\SYSTEM32\dhcpcsvc.DLL
[1106/181413.774:ERROR:process_memory_win.cc(73)] ReadMemory at 0x7ffdab3d0000 of 64 bytes failed: 仅完成部分的 ReadProcessMemory 或 WriteProcessMemory 请求。 (0x12B)
[1106/181413.774:WARNING:pe_image_reader.cc(340)] could not read dos header from C:\WINDOWS\System32\NSI.dll
[1106/181413.774:ERROR:process_memory_win.cc(73)] ReadMemory at 0x7ffda0390000 of 64 bytes failed: 仅完成部分的 ReadProcessMemory 或 WriteProcessMemory 请求。 (0x12B)
[1106/181413.774:WARNING:pe_image_reader.cc(340)] could not read dos header from C:\WINDOWS\SYSTEM32\WINMMBASE.dll
[1106/181413.774:ERROR:process_memory_win.cc(73)] ReadMemory at 0x7ffda34a0000 of 64 bytes failed: 仅完成部分的 ReadProcessMemory 或 WriteProcessMemory 请求。 (0x12B)
[1106/181413.775:WARNING:pe_image_reader.cc(340)] could not read dos header from C:\WINDOWS\SYSTEM32\PROPSYS.dll
[1106/181413.775:ERROR:process_memory_win.cc(73)] ReadMemory at 0x7ffda9ad0000 of 64 bytes failed: 仅完成部分的 ReadProcessMemory 或 WriteProcessMemory 请求。 (0x12B)
[1106/181413.775:WARNING:pe_image_reader.cc(340)] could not read dos header from C:\WINDOWS\SYSTEM32\SSPICLI.DLL
[1106/181413.775:ERROR:process_memory_win.cc(73)] ReadMemory at 0x7ff6499c0000 of 64 bytes failed: 仅完成部分的 ReadProcessMemory 或 WriteProcessMemory 请求。 (0x12B)
[1106/181413.775:WARNING:pe_image_reader.cc(340)] could not read dos header from C:\Program Files (x86)\Google\Chrome\Application\chrome.exe
[1106/181413.775:ERROR:process_memory_win.cc(73)] ReadMemory at 0x7ffdacce0000 of 64 bytes failed: 仅完成部分的 ReadProcessMemory 或 WriteProcessMemory 请求。 (0x12B)
[1106/181413.775:WARNING:pe_image_reader.cc(340)] could not read dos header from C:\WINDOWS\SYSTEM32\ntdll.dll
[1106/181413.775:ERROR:process_memory_win.cc(73)] ReadMemory at 0x7ffdac230000 of 64 bytes failed: 仅完成部分的 ReadProcessMemory 或 WriteProcessMemory 请求。 (0x12B)
[1106/181413.775:WARNING:pe_image_reader.cc(340)] could not read dos header from C:\WINDOWS\System32\KERNEL32.DLL
[1106/181413.775:ERROR:process_memory_win.cc(73)] ReadMemory at 0x7ffda9de0000 of 64 bytes failed: 仅完成部分的 ReadProcessMemory 或 WriteProcessMemory 请求。 (0x12B)
[1106/181413.775:WARNING:pe_image_reader.cc(340)] could not read dos header from C:\WINDOWS\System32\KERNELBASE.dll
[1106/181413.775:ERROR:process_memory_win.cc(73)] ReadMemory at 0x7ffd815d0000 of 64 bytes failed: 仅完成部分的 ReadProcessMemory 或 WriteProcessMemory 请求。 (0x12B)
[1106/181413.775:WARNING:pe_image_reader.cc(340)] could not read dos header from C:\Program Files (x86)\Google\Chrome\Application\78.0.3904.70\chrome_elf.dll
[1106/181413.775:ERROR:process_memory_win.cc(73)] ReadMemory at 0x7ffda8b90000 of 64 bytes failed: 仅完成部分的 ReadProcessMemory 或 WriteProcessMemory 请求。 (0x12B)
[1106/181413.775:WARNING:pe_image_reader.cc(340)] could not read dos header from C:\WINDOWS\SYSTEM32\VERSION.dll
[1106/181413.775:ERROR:process_memory_win.cc(73)] ReadMemory at 0x7ffdab850000 of 64 bytes failed: 仅完成部分的 ReadProcessMemory 或 WriteProcessMemory 请求。 (0x12B)
[1106/181413.775:WARNING:pe_image_reader.cc(340)] could not read dos header from C:\WINDOWS\System32\msvcrt.dll
[1106/181413.775:ERROR:process_memory_win.cc(73)] ReadMemory at 0x5e5a0000 of 64 bytes failed: 仅完成部分的 ReadProcessMemory 或 WriteProcessMemory 请求。 (0x12B)
[1106/181413.775:WARNING:pe_image_reader.cc(340)] could not read dos header from C:\Program Files (x86)\360\360Safe\safemon\SafeWrapper.dll
[1106/181413.775:ERROR:process_memory_win.cc(73)] ReadMemory at 0x5e400000 of 64 bytes failed: 仅完成部分的 ReadProcessMemory 或 WriteProcessMemory 请求。 (0x12B)
[1106/181413.775:WARNING:pe_image_reader.cc(340)] could not read dos header from C:\Program Files (x86)\360\360Safe\safemon\safemon64.dll
[1106/181413.775:ERROR:process_memory_win.cc(73)] ReadMemory at 0x7ffdacb00000 of 64 bytes failed: 仅完成部分的 ReadProcessMemory 或 WriteProcessMemory 请求。 (0x12B)
[1106/181413.775:WARNING:pe_image_reader.cc(340)] could not read dos header from C:\WINDOWS\System32\USER32.dll
[1106/181413.775:ERROR:process_memory_win.cc(73)] ReadMemory at 0x7ffdaa330000 of 64 bytes failed: 仅完成部分的 ReadProcessMemory 或 WriteProcessMemory 请求。 (0x12B)
[1106/181413.775:WARNING:pe_image_reader.cc(340)] could not read dos header from C:\WINDOWS\System32\win32u.dll
[1106/181413.775:ERROR:process_memory_win.cc(73)] ReadMemory at 0x7ffdaba40000 of 64 bytes failed: 仅完成部分的 ReadProcessMemory 或 WriteProcessMemory 请求。 (0x12B)
[1106/181413.775:WARNING:pe_image_reader.cc(340)] could not read dos header from C:\WINDOWS\System32\GDI32.dll
[1106/181413.776:ERROR:process_memory_win.cc(73)] ReadMemory at 0x7ffdaab90000 of 64 bytes failed: 仅完成部分的 ReadProcessMemory 或 WriteProcessMemory 请求。 (0x12B)
[1106/181413.776:WARNING:pe_image_reader.cc(340)] could not read dos header from C:\WINDOWS\System32\gdi32full.dll
[1106/181413.776:ERROR:process_memory_win.cc(73)] ReadMemory at 0x7ffda9d40000 of 64 bytes failed: 仅完成部分的 ReadProcessMemory 或 WriteProcessMemory 请求。 (0x12B)
[1106/181413.776:WARNING:pe_image_reader.cc(340)] could not read dos header from C:\WINDOWS\System32\msvcp_win.dll
[1106/181413.776:ERROR:process_memory_win.cc(73)] ReadMemory at 0x7ffdaa090000 of 64 bytes failed: 仅完成部分的 ReadProcessMemory 或 WriteProcessMemory 请求。 (0x12B)
[1106/181413.776:WARNING:pe_image_reader.cc(340)] could not read dos header from C:\WINDOWS\System32\ucrtbase.dll
[1106/181413.776:ERROR:process_memory_win.cc(73)] ReadMemory at 0x7ffdac180000 of 64 bytes failed: 仅完成部分的 ReadProcessMemory 或 WriteProcessMemory 请求。 (0x12B)
[1106/181413.776:WARNING:pe_image_reader.cc(340)] could not read dos header from C:\WINDOWS\System32\ADVAPI32.dll
[1106/181413.776:ERROR:process_memory_win.cc(73)] ReadMemory at 0x7ffdab180000 of 64 bytes failed: 仅完成部分的 ReadProcessMemory 或 WriteProcessMemory 请求。 (0x12B)
[1106/181413.776:WARNING:pe_image_reader.cc(340)] could not read dos header from C:\WINDOWS\System32\sechost.dll
[1106/181413.776:ERROR:process_memory_win.cc(73)] ReadMemory at 0x7ffdabb30000 of 64 bytes failed: 仅完成部分的 ReadProcessMemory 或 WriteProcessMemory 请求。 (0x12B)
[1106/181413.776:WARNING:pe_image_reader.cc(340)] could not read dos header from C:\WINDOWS\System32\RPCRT4.dll
[1106/181413.776:ERROR:process_memory_win.cc(73)] ReadMemory at 0x7ffdac410000 of 64 bytes failed: 仅完成部分的 ReadProcessMemory 或 WriteProcessMemory 请求。 (0x12B)
[1106/181413.776:WARNING:pe_image_reader.cc(340)] could not read dos header from C:\WINDOWS\System32\SHELL32.dll
[1106/181413.776:ERROR:process_memory_win.cc(73)] ReadMemory at 0x7ffda9cf0000 of 64 bytes failed: 仅完成部分的 ReadProcessMemory 或 WriteProcessMemory 请求。 (0x12B)
[1106/181413.776:WARNING:pe_image_reader.cc(340)] could not read dos header from C:\WINDOWS\System32\cfgmgr32.dll
[1106/181413.776:ERROR:process_memory_win.cc(73)] ReadMemory at 0x7ffdaad90000 of 64 bytes failed: 仅完成部分的 ReadProcessMemory 或 WriteProcessMemory 请求。 (0x12B)
[1106/181413.776:WARNING:pe_image_reader.cc(340)] could not read dos header from C:\WINDOWS\System32\shcore.dll
[1106/181413.776:ERROR:process_memory_win.cc(73)] ReadMemory at 0x7ffdaae40000 of 64 bytes failed: 仅完成部分的 ReadProcessMemory 或 WriteProcessMemory 请求。 (0x12B)
[1106/181413.776:WARNING:pe_image_reader.cc(340)] could not read dos header from C:\WINDOWS\System32\combase.dll
[1106/181413.776:ERROR:process_memory_win.cc(73)] ReadMemory at 0x7ffda9c70000 of 64 bytes failed: 仅完成部分的 ReadProcessMemory 或 WriteProcessMemory 请求。 (0x12B)
[1106/181413.776:WARNING:pe_image_reader.cc(340)] could not read dos header from C:\WINDOWS\System32\bcryptPrimitives.dll
[1106/181413.776:ERROR:process_memory_win.cc(73)] ReadMemory at 0x7ffdaa410000 of 64 bytes failed: 仅完成部分的 ReadProcessMemory 或 WriteProcessMemory 请求。 (0x12B)
[1106/181413.776:WARNING:pe_image_reader.cc(340)] could not read dos header from C:\WINDOWS\System32\windows.storage.dll
[1106/181413.776:ERROR:process_memory_win.cc(73)] ReadMemory at 0x7ffda9c30000 of 64 bytes failed: 仅完成部分的 ReadProcessMemory 或 WriteProcessMemory 请求。 (0x12B)
[1106/181413.776:WARNING:pe_image_reader.cc(340)] could not read dos header from C:\WINDOWS\System32\profapi.dll
[1106/181413.776:ERROR:process_memory_win.cc(73)] ReadMemory at 0x7ffda9be0000 of 64 bytes failed: 仅完成部分的 ReadProcessMemory 或 WriteProcessMemory 请求。 (0x12B)
[1106/181413.776:WARNING:pe_image_reader.cc(340)] could not read dos header from C:\WINDOWS\System32\powrprof.dll
[1106/181413.776:ERROR:process_memory_win.cc(73)] ReadMemory at 0x7ffda9bb0000 of 64 bytes failed: 仅完成部分的 ReadProcessMemory 或 WriteProcessMemory 请求。 (0x12B)
[1106/181413.777:WARNING:pe_image_reader.cc(340)] could not read dos header from C:\WINDOWS\System32\UMPDC.dll
[1106/181413.777:ERROR:process_memory_win.cc(73)] ReadMemory at 0x7ffdabfc0000 of 64 bytes failed: 仅完成部分的 ReadProcessMemory 或 WriteProcessMemory 请求。 (0x12B)
[1106/181413.777:WARNING:pe_image_reader.cc(340)] could not read dos header from C:\WINDOWS\System32\shlwapi.dll
[1106/181413.777:ERROR:process_memory_win.cc(73)] ReadMemory at 0x7ffda9bc0000 of 64 bytes failed: 仅完成部分的 ReadProcessMemory 或 WriteProcessMemory 请求。 (0x12B)
[1106/181413.777:WARNING:pe_image_reader.cc(340)] could not read dos header from C:\WINDOWS\System32\kernel.appcore.dll
[1106/181413.777:ERROR:process_memory_win.cc(73)] ReadMemory at 0x7ffdaa190000 of 64 bytes failed: 仅完成部分的 ReadProcessMemory 或 WriteProcessMemory 请求。 (0x12B)
[1106/181413.777:WARNING:pe_image_reader.cc(340)] could not read dos header from C:\WINDOWS\System32\cryptsp.dll
[1106/181413.777:ERROR:process_memory_win.cc(73)] ReadMemory at 0x7ffdac020000 of 64 bytes failed: 仅完成部分的 ReadProcessMemory 或 WriteProcessMemory 请求。 (0x12B)
[1106/181413.777:WARNING:pe_image_reader.cc(340)] could not read dos header from C:\WINDOWS\System32\ole32.dll
[1106/181413.777:ERROR:process_memory_win.cc(73)] ReadMemory at 0x7ffdabcb0000 of 64 bytes failed: 仅完成部分的 ReadProcessMemory 或 WriteProcessMemory 请求。 (0x12B)
[1106/181413.777:WARNING:pe_image_reader.cc(340)] could not read dos header from C:\WINDOWS\System32\OLEAUT32.dll
[1106/181413.777:ERROR:process_memory_win.cc(73)] ReadMemory at 0x7ffdac3a0000 of 64 bytes failed: 仅完成部分的 ReadProcessMemory 或 WriteProcessMemory 请求。 (0x12B)
[1106/181413.777:WARNING:pe_image_reader.cc(340)] could not read dos header from C:\WINDOWS\System32\WS2_32.dll
[1106/181413.777:ERROR:process_memory_win.cc(73)] ReadMemory at 0x7ffdabdf0000 of 64 bytes failed: 仅完成部分的 ReadProcessMemory 或 WriteProcessMemory 请求。 (0x12B)
[1106/181413.777:WARNING:pe_image_reader.cc(340)] could not read dos header from C:\WINDOWS\System32\imagehlp.dll
[1106/181413.777:ERROR:process_memory_win.cc(73)] ReadMemory at 0x7ffdabde0000 of 64 bytes failed: 仅完成部分的 ReadProcessMemory 或 WriteProcessMemory 请求。 (0x12B)
[1106/181413.777:WARNING:pe_image_reader.cc(340)] could not read dos header from C:\WINDOWS\System32\PSAPI.DLL
[1106/181413.777:ERROR:process_memory_win.cc(73)] ReadMemory at 0x7ffd987f0000 of 64 bytes failed: 仅完成部分的 ReadProcessMemory 或 WriteProcessMemory 请求。 (0x12B)
[1106/181413.777:WARNING:pe_image_reader.cc(340)] could not read dos header from C:\WINDOWS\SYSTEM32\NETAPI32.dll
[1106/181413.777:ERROR:process_memory_win.cc(73)] ReadMemory at 0x7ffda9110000 of 64 bytes failed: 仅完成部分的 ReadProcessMemory 或 WriteProcessMemory 请求。 (0x12B)
[1106/181413.777:WARNING:pe_image_reader.cc(340)] could not read dos header from C:\WINDOWS\SYSTEM32\NETUTILS.DLL
[1106/181413.777:ERROR:process_memory_win.cc(73)] ReadMemory at 0x7ffda41d0000 of 64 bytes failed: 仅完成部分的 ReadProcessMemory 或 WriteProcessMemory 请求。 (0x12B)
[1106/181413.777:WARNING:pe_image_reader.cc(340)] could not read dos header from C:\WINDOWS\SYSTEM32\WKSCLI.DLL
[1106/181413.777:ERROR:process_memory_win.cc(73)] ReadMemory at 0x7ffdaa300000 of 64 bytes failed: 仅完成部分的 ReadProcessMemory 或 WriteProcessMemory 请求。 (0x12B)
[1106/181413.777:WARNING:pe_image_reader.cc(340)] could not read dos header from C:\WINDOWS\System32\bcrypt.dll
[1106/181413.777:ERROR:process_memory_win.cc(73)] ReadMemory at 0x7ffdaba80000 of 64 bytes failed: 仅完成部分的 ReadProcessMemory 或 WriteProcessMemory 请求。 (0x12B)
[1106/181413.778:WARNING:pe_image_reader.cc(340)] could not read dos header from C:\WINDOWS\System32\IMM32.DLL
[1106/181413.778:ERROR:process_memory_win.cc(73)] ReadMemory at 0x7ffdaad30000 of 64 bytes failed: 仅完成部分的 ReadProcessMemory 或 WriteProcessMemory 请求。 (0x12B)
[1106/181413.778:WARNING:pe_image_reader.cc(340)] could not read dos header from C:\WINDOWS\System32\WINTRUST.DLL
[1106/181413.778:ERROR:process_memory_win.cc(73)] ReadMemory at 0x7ffda9c50000 of 64 bytes failed: 仅完成部分的 ReadProcessMemory 或 WriteProcessMemory 请求。 (0x12B)
[1106/181413.778:WARNING:pe_image_reader.cc(340)] could not read dos header from C:\WINDOWS\System32\MSASN1.dll
[1106/181413.778:ERROR:process_memory_win.cc(73)] ReadMemory at 0x7ffdaa1b0000 of 64 bytes failed: 仅完成部分的 ReadProcessMemory 或 WriteProcessMemory 请求。 (0x12B)
[1106/181413.778:WARNING:pe_image_reader.cc(340)] could not read dos header from C:\WINDOWS\System32\CRYPT32.dll
[1106/181413.778:ERROR:process_memory_win.cc(73)] ReadMemory at 0x7ffda8f30000 of 64 bytes failed: 仅完成部分的 ReadProcessMemory 或 WriteProcessMemory 请求。 (0x12B)
[1106/181413.778:WARNING:pe_image_reader.cc(340)] could not read dos header from C:\WINDOWS\system32\rsaenh.dll
[1106/181413.778:ERROR:process_memory_win.cc(73)] ReadMemory at 0x7ffda9590000 of 64 bytes failed: 仅完成部分的 ReadProcessMemory 或 WriteProcessMemory 请求。 (0x12B)
[1106/181413.778:WARNING:pe_image_reader.cc(340)] could not read dos header from C:\WINDOWS\SYSTEM32\CRYPTBASE.dll
[1106/181413.778:ERROR:process_memory_win.cc(73)] ReadMemory at 0x7ffd5dfc0000 of 64 bytes failed: 仅完成部分的 ReadProcessMemory 或 WriteProcessMemory 请求。 (0x12B)
[1106/181413.778:WARNING:pe_image_reader.cc(340)] could not read dos header from C:\Program Files (x86)\Google\Chrome\Application\78.0.3904.70\chrome_child.dll
[1106/181413.778:ERROR:process_memory_win.cc(73)] ReadMemory at 0x7ffda90d0000 of 64 bytes failed: 仅完成部分的 ReadProcessMemory 或 WriteProcessMemory 请求。 (0x12B)
[1106/181413.778:WARNING:pe_image_reader.cc(340)] could not read dos header from C:\WINDOWS\SYSTEM32\IPHLPAPI.DLL
[1106/181413.778:ERROR:process_memory_win.cc(73)] ReadMemory at 0x7ffda03c0000 of 64 bytes failed: 仅完成部分的 ReadProcessMemory 或 WriteProcessMemory 请求。 (0x12B)
[1106/181413.778:WARNING:pe_image_reader.cc(340)] could not read dos header from C:\WINDOWS\SYSTEM32\WINMM.dll
[1106/181413.778:ERROR:process_memory_win.cc(73)] ReadMemory at 0x7ffda9aa0000 of 64 bytes failed: 仅完成部分的 ReadProcessMemory 或 WriteProcessMemory 请求。 (0x12B)
[1106/181413.778:WARNING:pe_image_reader.cc(340)] could not read dos header from C:\WINDOWS\SYSTEM32\USERENV.dll
[1106/181413.778:ERROR:process_memory_win.cc(73)] ReadMemory at 0x7ffd9d1b0000 of 64 bytes failed: 仅完成部分的 ReadProcessMemory 或 WriteProcessMemory 请求。 (0x12B)
[1106/181413.778:WARNING:pe_image_reader.cc(340)] could not read dos header from C:\WINDOWS\SYSTEM32\DWrite.dll
[1106/181413.778:ERROR:process_memory_win.cc(73)] ReadMemory at 0x7ffd8f270000 of 64 bytes failed: 仅完成部分的 ReadProcessMemory 或 WriteProcessMemory 请求。 (0x12B)
[1106/181413.778:WARNING:pe_image_reader.cc(340)] could not read dos header from C:\WINDOWS\SYSTEM32\WINSPOOL.DRV
[1106/181413.778:ERROR:process_memory_win.cc(73)] ReadMemory at 0x7ffda2390000 of 64 bytes failed: 仅完成部分的 ReadProcessMemory 或 WriteProcessMemory 请求。 (0x12B)
[1106/181413.778:WARNING:pe_image_reader.cc(340)] could not read dos header from C:\WINDOWS\SYSTEM32\dbghelp.dll
[1106/181413.778:ERROR:process_memory_win.cc(73)] ReadMemory at 0x7ffda8ba0000 of 64 bytes failed: 仅完成部分的 ReadProcessMemory 或 WriteProcessMemory 请求。 (0x12B)
[1106/181413.779:WARNING:pe_image_reader.cc(340)] could not read dos header from C:\WINDOWS\SYSTEM32\Secur32.dll
[1106/181413.779:ERROR:process_memory_win.cc(73)] ReadMemory at 0x7ffda3f00000 of 64 bytes failed: 仅完成部分的 ReadProcessMemory 或 WriteProcessMemory 请求。 (0x12B)
[1106/181413.779:WARNING:pe_image_reader.cc(340)] could not read dos header from C:\WINDOWS\SYSTEM32\WINHTTP.dll
[1106/181413.779:ERROR:process_memory_win.cc(73)] ReadMemory at 0x7ffda5aa0000 of 64 bytes failed: 仅完成部分的 ReadProcessMemory 或 WriteProcessMemory 请求。 (0x12B)
[1106/181413.779:WARNING:pe_image_reader.cc(340)] could not read dos header from C:\WINDOWS\SYSTEM32\dhcpcsvc.DLL
[1106/181413.779:ERROR:process_memory_win.cc(73)] ReadMemory at 0x7ffdab3d0000 of 64 bytes failed: 仅完成部分的 ReadProcessMemory 或 WriteProcessMemory 请求。 (0x12B)
[1106/181413.779:WARNING:pe_image_reader.cc(340)] could not read dos header from C:\WINDOWS\System32\NSI.dll
[1106/181413.779:ERROR:process_memory_win.cc(73)] ReadMemory at 0x7ffda0390000 of 64 bytes failed: 仅完成部分的 ReadProcessMemory 或 WriteProcessMemory 请求。 (0x12B)
[1106/181413.779:WARNING:pe_image_reader.cc(340)] could not read dos header from C:\WINDOWS\SYSTEM32\WINMMBASE.dll
[1106/181413.779:ERROR:process_memory_win.cc(73)] ReadMemory at 0x7ffda34a0000 of 64 bytes failed: 仅完成部分的 ReadProcessMemory 或 WriteProcessMemory 请求。 (0x12B)
[1106/181413.779:WARNING:pe_image_reader.cc(340)] could not read dos header from C:\WINDOWS\SYSTEM32\PROPSYS.dll
[1106/181413.779:ERROR:process_memory_win.cc(73)] ReadMemory at 0x7ffda9ad0000 of 64 bytes failed: 仅完成部分的 ReadProcessMemory 或 WriteProcessMemory 请求。 (0x12B)
[1106/181413.779:WARNING:pe_image_reader.cc(340)] could not read dos header from C:\WINDOWS\SYSTEM32\SSPICLI.DLL
[1106/181413.814:ERROR:process_memory_win.cc(73)] ReadMemory at 0x11e49e9000 of 94208 bytes failed: 仅完成部分的 ReadProcessMemory 或 WriteProcessMemory 请求。 (0x12B)
[1106/181413.814:ERROR:process_memory_win.cc(73)] ReadMemory at 0x11e59fd000 of 12288 bytes failed: 仅完成部分的 ReadProcessMemory 或 WriteProcessMemory 请求。 (0x12B)
[1106/181413.814:ERROR:process_memory_win.cc(73)] ReadMemory at 0x11e69fc000 of 16384 bytes failed: 仅完成部分的 ReadProcessMemory 或 WriteProcessMemory 请求。 (0x12B)
[1106/181413.814:ERROR:process_memory_win.cc(73)] ReadMemory at 0x11e71fc000 of 16384 bytes failed: 仅完成部分的 ReadProcessMemory 或 WriteProcessMemory 请求。 (0x12B)
[1106/181413.814:ERROR:process_memory_win.cc(73)] ReadMemory at 0x11e79ff000 of 4096 bytes failed: 仅完成部分的 ReadProcessMemory 或 WriteProcessMemory 请求。 (0x12B)
[1106/181413.814:ERROR:process_memory_win.cc(73)] ReadMemory at 0x11e81fd000 of 12288 bytes failed: 仅完成部分的 ReadProcessMemory 或 WriteProcessMemory 请求。 (0x12B)
[1106/181413.814:ERROR:process_memory_win.cc(73)] ReadMemory at 0x11e89fb000 of 20480 bytes failed: 仅完成部分的 ReadProcessMemory 或 WriteProcessMemory 请求。 (0x12B)
[1106/181413.814:ERROR:process_memory_win.cc(73)] ReadMemory at 0x11e99f5000 of 45056 bytes failed: 仅完成部分的 ReadProcessMemory 或 WriteProcessMemory 请求。 (0x12B)
[1106/181413.815:ERROR:process_memory_win.cc(73)] ReadMemory at 0x11ea1f4000 of 49152 bytes failed: 仅完成部分的 ReadProcessMemory 或 WriteProcessMemory 请求。 (0x12B)
[1106/181413.815:ERROR:process_memory_win.cc(73)] ReadMemory at 0x11ea9f6000 of 40960 bytes failed: 仅完成部分的 ReadProcessMemory 或 WriteProcessMemory 请求。 (0x12B)
[1106/181413.815:ERROR:process_memory_win.cc(73)] ReadMemory at 0x11eb1fd000 of 12288 bytes failed: 仅完成部分的 ReadProcessMemory 或 WriteProcessMemory 请求。 (0x12B)
[1106/181413.815:ERROR:process_memory_win.cc(73)] ReadMemory at 0x11e61fb000 of 20480 bytes failed: 仅完成部分的 ReadProcessMemory 或 WriteProcessMemory 请求。 (0x12B)
[1106/181413.815:ERROR:process_memory_win.cc(73)] ReadMemory at 0x11e51fc000 of 16384 bytes failed: 仅完成部分的 ReadProcessMemory 或 WriteProcessMemory 请求。 (0x12B)
[1106/181413.815:ERROR:process_memory_win.cc(73)] ReadMemory at 0x11e91fc000 of 16384 bytes failed: 仅完成部分的 ReadProcessMemory 或 WriteProcessMemory 请求。 (0x12B)
[1106/181413.815:ERROR:process_memory_win.cc(73)] ReadMemory at 0x11eb9fc000 of 16384 bytes failed: 仅完成部分的 ReadProcessMemory 或 WriteProcessMemory 请求。 (0x12B)
[1106/181413.815:ERROR:process_memory_win.cc(73)] ReadMemory at 0x11ec1fc000 of 16384 bytes failed: 仅完成部分的 ReadProcessMemory 或 WriteProcessMemory 请求。 (0x12B)
[1106/181413.815:ERROR:process_memory_win.cc(73)] ReadMemory at 0x11ec9ff000 of 4096 bytes failed: 仅完成部分的 ReadProcessMemory 或 WriteProcessMemory 请求。 (0x12B)
[1106/181413.815:ERROR:process_memory_win.cc(73)] ReadMemory at 0x11e4142000 of 852 bytes failed: 仅完成部分的 ReadProcessMemory 或 WriteProcessMemory 请求。 (0x12B)
[1106/181413.816:ERROR:process_memory_win.cc(73)] ReadMemory at 0x11e4143000 of 6024 bytes failed: 仅完成部分的 ReadProcessMemory 或 WriteProcessMemory 请求。 (0x12B)
[1106/181413.816:ERROR:process_memory_win.cc(73)] ReadMemory at 0x11e4147000 of 6024 bytes failed: 仅完成部分的 ReadProcessMemory 或 WriteProcessMemory 请求。 (0x12B)
[1106/181413.816:ERROR:process_memory_win.cc(73)] ReadMemory at 0x11e414b000 of 6024 bytes failed: 仅完成部分的 ReadProcessMemory 或 WriteProcessMemory 请求。 (0x12B)
[1106/181413.816:ERROR:process_memory_win.cc(73)] ReadMemory at 0x11e414d000 of 6024 bytes failed: 仅完成部分的 ReadProcessMemory 或 WriteProcessMemory 请求。 (0x12B)
[1106/181413.816:ERROR:process_memory_win.cc(73)] ReadMemory at 0x11e414f000 of 6024 bytes failed: 仅完成部分的 ReadProcessMemory 或 WriteProcessMemory 请求。 (0x12B)
[1106/181413.816:ERROR:process_memory_win.cc(73)] ReadMemory at 0x11e4151000 of 6024 bytes failed: 仅完成部分的 ReadProcessMemory 或 WriteProcessMemory 请求。 (0x12B)
[1106/181413.816:ERROR:process_memory_win.cc(73)] ReadMemory at 0x11e4153000 of 6024 bytes failed: 仅完成部分的 ReadProcessMemory 或 WriteProcessMemory 请求。 (0x12B)
[1106/181413.816:ERROR:process_memory_win.cc(73)] ReadMemory at 0x11e4157000 of 6024 bytes failed: 仅完成部分的 ReadProcessMemory 或 WriteProcessMemory 请求。 (0x12B)
[1106/181413.816:ERROR:process_memory_win.cc(73)] ReadMemory at 0x11e4159000 of 6024 bytes failed: 仅完成部分的 ReadProcessMemory 或 WriteProcessMemory 请求。 (0x12B)
[1106/181413.816:ERROR:process_memory_win.cc(73)] ReadMemory at 0x11e415b000 of 6024 bytes failed: 仅完成部分的 ReadProcessMemory 或 WriteProcessMemory 请求。 (0x12B)
[1106/181413.816:ERROR:process_memory_win.cc(73)] ReadMemory at 0x11e415d000 of 6024 bytes failed: 仅完成部分的 ReadProcessMemory 或 WriteProcessMemory 请求。 (0x12B)
[1106/181413.816:ERROR:process_memory_win.cc(73)] ReadMemory at 0x11e4169000 of 6024 bytes failed: 仅完成部分的 ReadProcessMemory 或 WriteProcessMemory 请求。 (0x12B)
[1106/181413.816:ERROR:process_memory_win.cc(73)] ReadMemory at 0x11e416f000 of 6024 bytes failed: 仅完成部分的 ReadProcessMemory 或 WriteProcessMemory 请求。 (0x12B)
[1106/181413.816:ERROR:process_memory_win.cc(73)] ReadMemory at 0x11e4171000 of 6024 bytes failed: 仅完成部分的 ReadProcessMemory 或 WriteProcessMemory 请求。 (0x12B)
[1106/181413.816:ERROR:process_memory_win.cc(73)] ReadMemory at 0x11e4173000 of 6024 bytes failed: 仅完成部分的 ReadProcessMemory 或 WriteProcessMemory 请求。 (0x12B)
[1106/181413.816:ERROR:process_memory_win.cc(73)] ReadMemory at 0x11e4175000 of 6024 bytes failed: 仅完成部分的 ReadProcessMemory 或 WriteProcessMemory 请求。 (0x12B)
[1106/181413.816:ERROR:process_memory_win.cc(73)] ReadMemory at 0x11e4177000 of 6024 bytes failed: 仅完成部分的 ReadProcessMemory 或 WriteProcessMemory 请求。 (0x12B)
[1106/181413.816:ERROR:process_memory_win.cc(73)] ReadMemory at 0x112a5320750 of 66 bytes failed: 仅完成部分的 ReadProcessMemory 或 WriteProcessMemory 请求。 (0x12B)
[1106/181413.816:ERROR:process_memory_win.cc(73)] ReadMemory at 0x112a5320fe0 of 23814 bytes failed: 仅完成部分的 ReadProcessMemory 或 WriteProcessMemory 请求。 (0x12B)
[1106/181413.817:ERROR:process_memory_win.cc(73)] ReadMemory at 0x112a5326cf0 of 1012 bytes failed: 仅完成部分的 ReadProcessMemory 或 WriteProcessMemory 请求。 (0x12B)
[1106/181413.817:ERROR:process_memory_win.cc(73)] ReadMemory at 0x112a5327338 of 118 bytes failed: 仅完成部分的 ReadProcessMemory 或 WriteProcessMemory 请求。 (0x12B)
[1106/181413.817:ERROR:process_memory_win.cc(73)] ReadMemory at 0x112a53273b0 of 860 bytes failed: 仅完成部分的 ReadProcessMemory 或 WriteProcessMemory 请求。 (0x12B)
[1106/181413.817:ERROR:process_memory_win.cc(73)] ReadMemory at 0x112a532770e of 118 bytes failed: 仅完成部分的 ReadProcessMemory 或 WriteProcessMemory 请求。 (0x12B)
[1106/181413.817:ERROR:process_memory_win.cc(73)] ReadMemory at 0x112a5327786 of 104 bytes failed: 仅完成部分的 ReadProcessMemory 或 WriteProcessMemory 请求。 (0x12B)
[1106/181413.817:ERROR:process_memory_win.cc(73)] ReadMemory at 0x112a5327800 of 58 bytes failed: 仅完成部分的 ReadProcessMemory 或 WriteProcessMemory 请求。 (0x12B)
[1106/181413.817:ERROR:process_memory_win.cc(73)] ReadMemory at 0x112a5327900 of 132 bytes failed: 仅完成部分的 ReadProcessMemory 或 WriteProcessMemory 请求。 (0x12B)
[1106/181413.817:ERROR:process_memory_win.cc(73)] ReadMemory at 0x112a5327a90 of 132 bytes failed: 仅完成部分的 ReadProcessMemory 或 WriteProcessMemory 请求。 (0x12B)
[1106/181413.817:ERROR:process_memory_win.cc(73)] ReadMemory at 0x112a5327c50 of 124 bytes failed: 仅完成部分的 ReadProcessMemory 或 WriteProcessMemory 请求。 (0x12B)
[1106/181413.817:ERROR:process_memory_win.cc(73)] ReadMemory at 0x112a5328030 of 132 bytes failed: 仅完成部分的 ReadProcessMemory 或 WriteProcessMemory 请求。 (0x12B)
[1106/181413.817:ERROR:process_memory_win.cc(73)] ReadMemory at 0x112a53281c0 of 64 bytes failed: 仅完成部分的 ReadProcessMemory 或 WriteProcessMemory 请求。 (0x12B)
[1106/181413.817:ERROR:process_memory_win.cc(73)] ReadMemory at 0x112a5328380 of 132 bytes failed: 仅完成部分的 ReadProcessMemory 或 WriteProcessMemory 请求。 (0x12B)
[1106/181413.817:ERROR:process_memory_win.cc(73)] ReadMemory at 0x112a5328620 of 132 bytes failed: 仅完成部分的 ReadProcessMemory 或 WriteProcessMemory 请求。 (0x12B)
[1106/181413.817:ERROR:process_memory_win.cc(73)] ReadMemory at 0x112a53287b0 of 68 bytes failed: 仅完成部分的 ReadProcessMemory 或 WriteProcessMemory 请求。 (0x12B)
[1106/181413.817:ERROR:process_memory_win.cc(73)] ReadMemory at 0x112a5329770 of 112 bytes failed: 仅完成部分的 ReadProcessMemory 或 WriteProcessMemory 请求。 (0x12B)
[1106/181413.817:ERROR:process_memory_win.cc(73)] ReadMemory at 0x112a5329850 of 132 bytes failed: 仅完成部分的 ReadProcessMemory 或 WriteProcessMemory 请求。 (0x12B)
[1106/181413.817:ERROR:process_memory_win.cc(73)] ReadMemory at 0x112a53299e0 of 152 bytes failed: 仅完成部分的 ReadProcessMemory 或 WriteProcessMemory 请求。 (0x12B)
[1106/181413.817:ERROR:process_memory_win.cc(73)] ReadMemory at 0x112a532a680 of 132 bytes failed: 仅完成部分的 ReadProcessMemory 或 WriteProcessMemory 请求。 (0x12B)
[1106/181413.817:ERROR:process_memory_win.cc(73)] ReadMemory at 0x112a532a7b0 of 60 bytes failed: 仅完成部分的 ReadProcessMemory 或 WriteProcessMemory 请求。 (0x12B)
[1106/181413.817:ERROR:process_memory_win.cc(73)] ReadMemory at 0x112a532a800 of 62 bytes failed: 仅完成部分的 ReadProcessMemory 或 WriteProcessMemory 请求。 (0x12B)
[1106/181413.817:ERROR:process_memory_win.cc(73)] ReadMemory at 0x112a532a880 of 116 bytes failed: 仅完成部分的 ReadProcessMemory 或 WriteProcessMemory 请求。 (0x12B)
[1106/181413.817:ERROR:process_memory_win.cc(73)] ReadMemory at 0x112a532a960 of 132 bytes failed: 仅完成部分的 ReadProcessMemory 或 WriteProcessMemory 请求。 (0x12B)
[1106/181413.817:ERROR:process_memory_win.cc(73)] ReadMemory at 0x112a532aaf0 of 60 bytes failed: 仅完成部分的 ReadProcessMemory 或 WriteProcessMemory 请求。 (0x12B)
[1106/181413.818:ERROR:process_memory_win.cc(73)] ReadMemory at 0x112a532ad80 of 60 bytes failed: 仅完成部分的 ReadProcessMemory 或 WriteProcessMemory 请求。 (0x12B)
[1106/181413.818:ERROR:process_memory_win.cc(73)] ReadMemory at 0x112a532b5b0 of 132 bytes failed: 仅完成部分的 ReadProcessMemory 或 WriteProcessMemory 请求。 (0x12B)
[1106/181413.818:ERROR:process_memory_win.cc(73)] ReadMemory at 0x112a532ba50 of 132 bytes failed: 仅完成部分的 ReadProcessMemory 或 WriteProcessMemory 请求。 (0x12B)
[1106/181413.818:ERROR:process_memory_win.cc(73)] ReadMemory at 0x112a532bda0 of 132 bytes failed: 仅完成部分的 ReadProcessMemory 或 WriteProcessMemory 请求。 (0x12B)
[1106/181413.818:ERROR:process_memory_win.cc(73)] ReadMemory at 0x112a532bfe0 of 132 bytes failed: 仅完成部分的 ReadProcessMemory 或 WriteProcessMemory 请求。 (0x12B)
[1106/181413.818:ERROR:process_memory_win.cc(73)] ReadMemory at 0x112a532c170 of 58 bytes failed: 仅完成部分的 ReadProcessMemory 或 WriteProcessMemory 请求。 (0x12B)
[1106/181413.818:ERROR:process_memory_win.cc(73)] ReadMemory at 0x112a532c3a0 of 132 bytes failed: 仅完成部分的 ReadProcessMemory 或 WriteProcessMemory 请求。 (0x12B)
[1106/181413.818:ERROR:process_memory_win.cc(73)] ReadMemory at 0x112a532ec30 of 132 bytes failed: 仅完成部分的 ReadProcessMemory 或 WriteProcessMemory 请求。 (0x12B)
[1106/181413.818:ERROR:process_memory_win.cc(73)] ReadMemory at 0x112a532ed60 of 66 bytes failed: 仅完成部分的 ReadProcessMemory 或 WriteProcessMemory 请求。 (0x12B)
[1106/181413.818:ERROR:process_memory_win.cc(73)] ReadMemory at 0x112a532efa0 of 132 bytes failed: 仅完成部分的 ReadProcessMemory 或 WriteProcessMemory 请求。 (0x12B)
[1106/181413.818:ERROR:process_memory_win.cc(73)] ReadMemory at 0x112a532f420 of 80 bytes failed: 仅完成部分的 ReadProcessMemory 或 WriteProcessMemory 请求。 (0x12B)
[1106/181413.818:ERROR:process_memory_win.cc(73)] ReadMemory at 0x112a532f480 of 76 bytes failed: 仅完成部分的 ReadProcessMemory 或 WriteProcessMemory 请求。 (0x12B)
[1106/181413.818:ERROR:process_memory_win.cc(73)] ReadMemory at 0x112a532f7e0 of 78 bytes failed: 仅完成部分的 ReadProcessMemory 或 WriteProcessMemory 请求。 (0x12B)
[1106/181413.818:ERROR:process_memory_win.cc(73)] ReadMemory at 0x112a532fd30 of 58 bytes failed: 仅完成部分的 ReadProcessMemory 或 WriteProcessMemory 请求。 (0x12B)
[1106/181413.818:ERROR:process_memory_win.cc(73)] ReadMemory at 0x112a532fd80 of 64 bytes failed: 仅完成部分的 ReadProcessMemory 或 WriteProcessMemory 请求。 (0x12B)
[1106/181413.818:ERROR:process_memory_win.cc(73)] ReadMemory at 0x112a532fdd0 of 62 bytes failed: 仅完成部分的 ReadProcessMemory 或 WriteProcessMemory 请求。 (0x12B)
[1106/181413.818:ERROR:process_memory_win.cc(73)] ReadMemory at 0x112a532fe20 of 64 bytes failed: 仅完成部分的 ReadProcessMemory 或 WriteProcessMemory 请求。 (0x12B)
[1106/181413.818:ERROR:process_memory_win.cc(73)] ReadMemory at 0x112a532fe70 of 58 bytes failed: 仅完成部分的 ReadProcessMemory 或 WriteProcessMemory 请求。 (0x12B)
[1106/181413.818:ERROR:process_memory_win.cc(73)] ReadMemory at 0x112a532fec0 of 64 bytes failed: 仅完成部分的 ReadProcessMemory 或 WriteProcessMemory 请求。 (0x12B)
[1106/181413.818:ERROR:process_memory_win.cc(73)] ReadMemory at 0x112a532ff10 of 60 bytes failed: 仅完成部分的 ReadProcessMemory 或 WriteProcessMemory 请求。 (0x12B)
[1106/181413.818:ERROR:process_memory_win.cc(73)] ReadMemory at 0x112a532ff60 of 62 bytes failed: 仅完成部分的 ReadProcessMemory 或 WriteProcessMemory 请求。 (0x12B)
[1106/181413.818:ERROR:process_memory_win.cc(73)] ReadMemory at 0x112a532ffb0 of 60 bytes failed: 仅完成部分的 ReadProcessMemory 或 WriteProcessMemory 请求。 (0x12B)
[1106/181413.818:ERROR:process_memory_win.cc(73)] ReadMemory at 0x112a5330000 of 64 bytes failed: 仅完成部分的 ReadProcessMemory 或 WriteProcessMemory 请求。 (0x12B)
[1106/181413.818:ERROR:process_memory_win.cc(73)] ReadMemory at 0x112a53300f0 of 62 bytes failed: 仅完成部分的 ReadProcessMemory 或 WriteProcessMemory 请求。 (0x12B)
[1106/181413.818:ERROR:process_memory_win.cc(73)] ReadMemory at 0x112a5330140 of 60 bytes failed: 仅完成部分的 ReadProcessMemory 或 WriteProcessMemory 请求。 (0x12B)
[1106/181413.818:ERROR:process_memory_win.cc(73)] ReadMemory at 0x112a5330190 of 64 bytes failed: 仅完成部分的 ReadProcessMemory 或 WriteProcessMemory 请求。 (0x12B)
[1106/181413.818:ERROR:process_memory_win.cc(73)] ReadMemory at 0x112a5330230 of 64 bytes failed: 仅完成部分的 ReadProcessMemory 或 WriteProcessMemory 请求。 (0x12B)
[1106/181413.819:ERROR:process_memory_win.cc(73)] ReadMemory at 0x112a5330280 of 58 bytes failed: 仅完成部分的 ReadProcessMemory 或 WriteProcessMemory 请求。 (0x12B)
[1106/181413.819:ERROR:process_memory_win.cc(73)] ReadMemory at 0x112a5330320 of 62 bytes failed: 仅完成部分的 ReadProcessMemory 或 WriteProcessMemory 请求。 (0x12B)
[1106/181413.819:ERROR:process_memory_win.cc(73)] ReadMemory at 0x112a5330370 of 62 bytes failed: 仅完成部分的 ReadProcessMemory 或 WriteProcessMemory 请求。 (0x12B)
[1106/181413.819:ERROR:process_memory_win.cc(73)] ReadMemory at 0x112a5330410 of 62 bytes failed: 仅完成部分的 ReadProcessMemory 或 WriteProcessMemory 请求。 (0x12B)
[1106/181413.819:ERROR:process_memory_win.cc(73)] ReadMemory at 0x112a5330b80 of 132 bytes failed: 仅完成部分的 ReadProcessMemory 或 WriteProcessMemory 请求。 (0x12B)
[1106/181413.819:ERROR:process_memory_win.cc(73)] ReadMemory at 0x112a5330ed0 of 132 bytes failed: 仅完成部分的 ReadProcessMemory 或 WriteProcessMemory 请求。 (0x12B)
[1106/181413.819:ERROR:process_memory_win.cc(73)] ReadMemory at 0x112a5331230 of 132 bytes failed: 仅完成部分的 ReadProcessMemory 或 WriteProcessMemory 请求。 (0x12B)
[1106/181413.819:ERROR:process_memory_win.cc(73)] ReadMemory at 0x112a5331360 of 132 bytes failed: 仅完成部分的 ReadProcessMemory 或 WriteProcessMemory 请求。 (0x12B)
[1106/181413.819:ERROR:process_memory_win.cc(73)] ReadMemory at 0x112a5331490 of 132 bytes failed: 仅完成部分的 ReadProcessMemory 或 WriteProcessMemory 请求。 (0x12B)
[1106/181413.819:ERROR:process_memory_win.cc(73)] ReadMemory at 0x112a53315c0 of 132 bytes failed: 仅完成部分的 ReadProcessMemory 或 WriteProcessMemory 请求。 (0x12B)
[1106/181413.819:ERROR:process_memory_win.cc(73)] ReadMemory at 0x112a53316f0 of 132 bytes failed: 仅完成部分的 ReadProcessMemory 或 WriteProcessMemory 请求。 (0x12B)
[1106/181413.819:ERROR:process_memory_win.cc(73)] ReadMemory at 0x112a5331820 of 132 bytes failed: 仅完成部分的 ReadProcessMemory 或 WriteProcessMemory 请求。 (0x12B)
[1106/181413.819:ERROR:process_memory_win.cc(73)] ReadMemory at 0x112a5331950 of 132 bytes failed: 仅完成部分的 ReadProcessMemory 或 WriteProcessMemory 请求。 (0x12B)
[1106/181413.819:ERROR:process_memory_win.cc(73)] ReadMemory at 0x112a5331a80 of 132 bytes failed: 仅完成部分的 ReadProcessMemory 或 WriteProcessMemory 请求。 (0x12B)
[1106/181413.819:ERROR:process_memory_win.cc(73)] ReadMemory at 0x112a5331bb0 of 132 bytes failed: 仅完成部分的 ReadProcessMemory 或 WriteProcessMemory 请求。 (0x12B)
[1106/181413.819:ERROR:process_memory_win.cc(73)] ReadMemory at 0x112a5331ce0 of 132 bytes failed: 仅完成部分的 ReadProcessMemory 或 WriteProcessMemory 请求。 (0x12B)
[1106/181413.819:ERROR:process_memory_win.cc(73)] ReadMemory at 0x112a5331e10 of 132 bytes failed: 仅完成部分的 ReadProcessMemory 或 WriteProcessMemory 请求。 (0x12B)
[1106/181413.819:ERROR:process_memory_win.cc(73)] ReadMemory at 0x112a5331f40 of 132 bytes failed: 仅完成部分的 ReadProcessMemory 或 WriteProcessMemory 请求。 (0x12B)
[1106/181413.819:ERROR:process_memory_win.cc(73)] ReadMemory at 0x112a5332070 of 132 bytes failed: 仅完成部分的 ReadProcessMemory 或 WriteProcessMemory 请求。 (0x12B)
[1106/181413.819:ERROR:process_memory_win.cc(73)] ReadMemory at 0x112a5335660 of 132 bytes failed: 仅完成部分的 ReadProcessMemory 或 WriteProcessMemory 请求。 (0x12B)
[1106/181413.819:ERROR:process_memory_win.cc(73)] ReadMemory at 0x112a5335790 of 132 bytes failed: 仅完成部分的 ReadProcessMemory 或 WriteProcessMemory 请求。 (0x12B)
[1106/181413.819:ERROR:process_memory_win.cc(73)] ReadMemory at 0x112a53358c0 of 132 bytes failed: 仅完成部分的 ReadProcessMemory 或 WriteProcessMemory 请求。 (0x12B)
[1106/181413.819:ERROR:process_memory_win.cc(73)] ReadMemory at 0x112a53359f0 of 132 bytes failed: 仅完成部分的 ReadProcessMemory 或 WriteProcessMemory 请求。 (0x12B)
[1106/181413.820:ERROR:process_memory_win.cc(73)] ReadMemory at 0x112a5335b20 of 132 bytes failed: 仅完成部分的 ReadProcessMemory 或 WriteProcessMemory 请求。 (0x12B)
[1106/181413.820:ERROR:process_memory_win.cc(73)] ReadMemory at 0x112a5335c50 of 132 bytes failed: 仅完成部分的 ReadProcessMemory 或 WriteProcessMemory 请求。 (0x12B)
[1106/181413.820:ERROR:process_memory_win.cc(73)] ReadMemory at 0x112a5335d80 of 132 bytes failed: 仅完成部分的 ReadProcessMemory 或 WriteProcessMemory 请求。 (0x12B)
[1106/181413.820:ERROR:process_memory_win.cc(73)] ReadMemory at 0x112a5335eb0 of 132 bytes failed: 仅完成部分的 ReadProcessMemory 或 WriteProcessMemory 请求。 (0x12B)
[1106/181413.820:ERROR:process_memory_win.cc(73)] ReadMemory at 0x112a5335fe0 of 132 bytes failed: 仅完成部分的 ReadProcessMemory 或 WriteProcessMemory 请求。 (0x12B)
[1106/181413.820:ERROR:process_memory_win.cc(73)] ReadMemory at 0x112a5336110 of 132 bytes failed: 仅完成部分的 ReadProcessMemory 或 WriteProcessMemory 请求。 (0x12B)
[1106/181413.820:ERROR:process_memory_win.cc(73)] ReadMemory at 0x112a5336240 of 132 bytes failed: 仅完成部分的 ReadProcessMemory 或 WriteProcessMemory 请求。 (0x12B)
[1106/181413.820:ERROR:process_memory_win.cc(73)] ReadMemory at 0x112a5336370 of 132 bytes failed: 仅完成部分的 ReadProcessMemory 或 WriteProcessMemory 请求。 (0x12B)
[1106/181413.820:ERROR:process_memory_win.cc(73)] ReadMemory at 0x112a53364a0 of 132 bytes failed: 仅完成部分的 ReadProcessMemory 或 WriteProcessMemory 请求。 (0x12B)
[1106/181413.820:ERROR:process_memory_win.cc(73)] ReadMemory at 0x112a53365d0 of 132 bytes failed: 仅完成部分的 ReadProcessMemory 或 WriteProcessMemory 请求。 (0x12B)
[1106/181413.820:ERROR:process_memory_win.cc(73)] ReadMemory at 0x112a5336700 of 132 bytes failed: 仅完成部分的 ReadProcessMemory 或 WriteProcessMemory 请求。 (0x12B)
[1106/181413.820:ERROR:process_memory_win.cc(73)] ReadMemory at 0x112a5336830 of 132 bytes failed: 仅完成部分的 ReadProcessMemory 或 WriteProcessMemory 请求。 (0x12B)
[1106/181413.820:ERROR:process_memory_win.cc(73)] ReadMemory at 0x112a5336960 of 132 bytes failed: 仅完成部分的 ReadProcessMemory 或 WriteProcessMemory 请求。 (0x12B)
[1106/181413.820:ERROR:process_memory_win.cc(73)] ReadMemory at 0x112a5336a90 of 132 bytes failed: 仅完成部分的 ReadProcessMemory 或 WriteProcessMemory 请求。 (0x12B)
[1106/181413.820:ERROR:process_memory_win.cc(73)] ReadMemory at 0x112a5336bc0 of 132 bytes failed: 仅完成部分的 ReadProcessMemory 或 WriteProcessMemory 请求。 (0x12B)
[1106/181413.820:ERROR:process_memory_win.cc(73)] ReadMemory at 0x112a5336cf0 of 132 bytes failed: 仅完成部分的 ReadProcessMemory 或 WriteProcessMemory 请求。 (0x12B)
[1106/181413.820:ERROR:process_memory_win.cc(73)] ReadMemory at 0x112a5336e20 of 132 bytes failed: 仅完成部分的 ReadProcessMemory 或 WriteProcessMemory 请求。 (0x12B)
[1106/181413.820:ERROR:process_memory_win.cc(73)] ReadMemory at 0x112a5336f50 of 132 bytes failed: 仅完成部分的 ReadProcessMemory 或 WriteProcessMemory 请求。 (0x12B)
[1106/181413.820:ERROR:process_memory_win.cc(73)] ReadMemory at 0x112a5337080 of 132 bytes failed: 仅完成部分的 ReadProcessMemory 或 WriteProcessMemory 请求。 (0x12B)
[1106/181413.820:ERROR:process_memory_win.cc(73)] ReadMemory at 0x112a53371b0 of 132 bytes failed: 仅完成部分的 ReadProcessMemory 或 WriteProcessMemory 请求。 (0x12B)
[1106/181413.820:ERROR:process_memory_win.cc(73)] ReadMemory at 0x112a53372e0 of 132 bytes failed: 仅完成部分的 ReadProcessMemory 或 WriteProcessMemory 请求。 (0x12B)
[1106/181413.820:ERROR:process_memory_win.cc(73)] ReadMemory at 0x112a5337410 of 132 bytes failed: 仅完成部分的 ReadProcessMemory 或 WriteProcessMemory 请求。 (0x12B)
[1106/181413.820:ERROR:process_memory_win.cc(73)] ReadMemory at 0x112a53377b0 of 156 bytes failed: 仅完成部分的 ReadProcessMemory 或 WriteProcessMemory 请求。 (0x12B)
[1106/181413.820:ERROR:process_memory_win.cc(73)] ReadMemory at 0x112a5339bb0 of 58 bytes failed: 仅完成部分的 ReadProcessMemory 或 WriteProcessMemory 请求。 (0x12B)
[1106/181413.820:ERROR:process_memory_win.cc(73)] ReadMemory at 0x112a5339d90 of 64 bytes failed: 仅完成部分的 ReadProcessMemory 或 WriteProcessMemory 请求。 (0x12B)
[1106/181413.820:ERROR:process_memory_win.cc(73)] ReadMemory at 0x112a5339de0 of 60 bytes failed: 仅完成部分的 ReadProcessMemory 或 WriteProcessMemory 请求。 (0x12B)
[1106/181413.820:ERROR:process_memory_win.cc(73)] ReadMemory at 0x112a5339fc0 of 64 bytes failed: 仅完成部分的 ReadProcessMemory 或 WriteProcessMemory 请求。 (0x12B)
[1106/181413.821:ERROR:process_memory_win.cc(73)] ReadMemory at 0x112a533a2e0 of 60 bytes failed: 仅完成部分的 ReadProcessMemory 或 WriteProcessMemory 请求。 (0x12B)
[1106/181413.821:ERROR:process_memory_win.cc(73)] ReadMemory at 0x112a5344870 of 62 bytes failed: 仅完成部分的 ReadProcessMemory 或 WriteProcessMemory 请求。 (0x12B)
[1106/181413.821:ERROR:process_memory_win.cc(73)] ReadMemory at 0x112a5344a50 of 64 bytes failed: 仅完成部分的 ReadProcessMemory 或 WriteProcessMemory 请求。 (0x12B)
[1106/181413.821:ERROR:process_memory_win.cc(73)] ReadMemory at 0x112a5344f00 of 60 bytes failed: 仅完成部分的 ReadProcessMemory 或 WriteProcessMemory 请求。 (0x12B)
[1106/181413.821:ERROR:process_memory_win.cc(73)] ReadMemory at 0x112a5355d60 of 66 bytes failed: 仅完成部分的 ReadProcessMemory 或 WriteProcessMemory 请求。 (0x12B)
[1106/181413.821:ERROR:process_memory_win.cc(73)] ReadMemory at 0x112a5356710 of 60 bytes failed: 仅完成部分的 ReadProcessMemory 或 WriteProcessMemory 请求。 (0x12B)
[1106/181413.821:ERROR:process_memory_win.cc(73)] ReadMemory at 0x112a5358290 of 512 bytes failed: 仅完成部分的 ReadProcessMemory 或 WriteProcessMemory 请求。 (0x12B)
[1106/181413.821:ERROR:process_memory_win.cc(73)] ReadMemory at 0x112a5369750 of 54 bytes failed: 仅完成部分的 ReadProcessMemory 或 WriteProcessMemory 请求。 (0x12B)
[1106/181413.821:ERROR:process_memory_win.cc(73)] ReadMemory at 0x112a536b8a0 of 64 bytes failed: 仅完成部分的 ReadProcessMemory 或 WriteProcessMemory 请求。 (0x12B)
[1106/181413.821:ERROR:process_memory_win.cc(73)] ReadMemory at 0x112a536b990 of 58 bytes failed: 仅完成部分的 ReadProcessMemory 或 WriteProcessMemory 请求。 (0x12B)
[1106/181413.821:ERROR:process_memory_win.cc(73)] ReadMemory at 0x112a536b9e0 of 60 bytes failed: 仅完成部分的 ReadProcessMemory 或 WriteProcessMemory 请求。 (0x12B)
[1106/181413.821:ERROR:process_memory_win.cc(73)] ReadMemory at 0x112a536ba80 of 62 bytes failed: 仅完成部分的 ReadProcessMemory 或 WriteProcessMemory 请求。 (0x12B)
[1106/181413.821:ERROR:process_memory_win.cc(73)] ReadMemory at 0x112a536bb20 of 62 bytes failed: 仅完成部分的 ReadProcessMemory 或 WriteProcessMemory 请求。 (0x12B)
[1106/181413.821:ERROR:process_memory_win.cc(73)] ReadMemory at 0x112a536bb70 of 62 bytes failed: 仅完成部分的 ReadProcessMemory 或 WriteProcessMemory 请求。 (0x12B)
[1106/181413.821:ERROR:process_memory_win.cc(73)] ReadMemory at 0x112a536bc60 of 64 bytes failed: 仅完成部分的 ReadProcessMemory 或 WriteProcessMemory 请求。 (0x12B)
[1106/181413.821:ERROR:process_memory_win.cc(73)] ReadMemory at 0x112a536bd00 of 66 bytes failed: 仅完成部分的 ReadProcessMemory 或 WriteProcessMemory 请求。 (0x12B)
[1106/181413.821:ERROR:process_memory_win.cc(73)] ReadMemory at 0x112a536bda0 of 62 bytes failed: 仅完成部分的 ReadProcessMemory 或 WriteProcessMemory 请求。 (0x12B)
[1106/181413.821:ERROR:process_memory_win.cc(73)] ReadMemory at 0x112a536bdf0 of 62 bytes failed: 仅完成部分的 ReadProcessMemory 或 WriteProcessMemory 请求。 (0x12B)
[1106/181413.821:ERROR:process_memory_win.cc(73)] ReadMemory at 0x112a536bf80 of 62 bytes failed: 仅完成部分的 ReadProcessMemory 或 WriteProcessMemory 请求。 (0x12B)
[1106/181413.821:ERROR:process_memory_win.cc(73)] ReadMemory at 0x112a536c1b0 of 64 bytes failed: 仅完成部分的 ReadProcessMemory 或 WriteProcessMemory 请求。 (0x12B)
[1106/181413.821:ERROR:process_memory_win.cc(73)] ReadMemory at 0x112a53706e0 of 132 bytes failed: 仅完成部分的 ReadProcessMemory 或 WriteProcessMemory 请求。 (0x12B)
[1106/181413.821:ERROR:process_memory_win.cc(73)] ReadMemory at 0x112a5370a70 of 132 bytes failed: 仅完成部分的 ReadProcessMemory 或 WriteProcessMemory 请求。 (0x12B)
[1106/181413.821:ERROR:process_memory_win.cc(73)] ReadMemory at 0x112a5371190 of 132 bytes failed: 仅完成部分的 ReadProcessMemory 或 WriteProcessMemory 请求。 (0x12B)
[1106/181413.821:ERROR:process_memory_win.cc(73)] ReadMemory at 0x112a53799d0 of 512 bytes failed: 仅完成部分的 ReadProcessMemory 或 WriteProcessMemory 请求。 (0x12B)
[1106/181413.821:ERROR:process_memory_win.cc(73)] ReadMemory at 0x112a5810c40 of 512 bytes failed: 仅完成部分的 ReadProcessMemory 或 WriteProcessMemory 请求。 (0x12B)
[1106/181413.822:ERROR:process_memory_win.cc(73)] ReadMemory at 0x112a58d3a40 of 512 bytes failed: 仅完成部分的 ReadProcessMemory 或 WriteProcessMemory 请求。 (0x12B)
[1106/181413.822:ERROR:process_memory_win.cc(73)] ReadMemory at 0x112a5f67a00 of 512 bytes failed: 仅完成部分的 ReadProcessMemory 或 WriteProcessMemory 请求。 (0x12B)
[1106/181413.822:ERROR:process_memory_win.cc(73)] ReadMemory at 0x112a5f682d0 of 512 bytes failed: 仅完成部分的 ReadProcessMemory 或 WriteProcessMemory 请求。 (0x12B)
[1106/181413.822:ERROR:process_memory_win.cc(73)] ReadMemory at 0x112a5f68e70 of 896 bytes failed: 仅完成部分的 ReadProcessMemory 或 WriteProcessMemory 请求。 (0x12B)
[1106/181413.822:ERROR:process_memory_win.cc(73)] ReadMemory at 0x112a5f71590 of 512 bytes failed: 仅完成部分的 ReadProcessMemory 或 WriteProcessMemory 请求。 (0x12B)
[1106/181413.822:ERROR:process_memory_win.cc(73)] ReadMemory at 0x112a5f88e30 of 712 bytes failed: 仅完成部分的 ReadProcessMemory 或 WriteProcessMemory 请求。 (0x12B)
[1106/181413.822:ERROR:process_memory_win.cc(73)] ReadMemory at 0x112a5f966d8 of 512 bytes failed: 仅完成部分的 ReadProcessMemory 或 WriteProcessMemory 请求。 (0x12B)
[1106/181413.822:ERROR:process_memory_win.cc(73)] ReadMemory at 0x112a5f96fd8 of 512 bytes failed: 仅完成部分的 ReadProcessMemory 或 WriteProcessMemory 请求。 (0x12B)
[1106/181413.822:ERROR:process_memory_win.cc(73)] ReadMemory at 0x112a5fb31f0 of 512 bytes failed: 仅完成部分的 ReadProcessMemory 或 WriteProcessMemory 请求。 (0x12B)
[1106/181413.822:ERROR:process_memory_win.cc(73)] ReadMemory at 0x112a5fda840 of 512 bytes failed: 仅完成部分的 ReadProcessMemory 或 WriteProcessMemory 请求。 (0x12B)
[1106/181413.822:ERROR:process_memory_win.cc(73)] ReadMemory at 0x112a7a617a0 of 512 bytes failed: 仅完成部分的 ReadProcessMemory 或 WriteProcessMemory 请求。 (0x12B)
[1106/181413.822:ERROR:process_memory_win.cc(73)] ReadMemory at 0x112a7a71748 of 512 bytes failed: 仅完成部分的 ReadProcessMemory 或 WriteProcessMemory 请求。 (0x12B)
[1106/181413.822:ERROR:process_memory_win.cc(73)] ReadMemory at 0x112a7a71fb8 of 512 bytes failed: 仅完成部分的 ReadProcessMemory 或 WriteProcessMemory 请求。 (0x12B)
[1106/181413.822:ERROR:process_memory_win.cc(73)] ReadMemory at 0x112a7bc2140 of 512 bytes failed: 仅完成部分的 ReadProcessMemory 或 WriteProcessMemory 请求。 (0x12B)
[1106/181413.822:ERROR:process_memory_win.cc(73)] ReadMemory at 0x112a7f91c90 of 512 bytes failed: 仅完成部分的 ReadProcessMemory 或 WriteProcessMemory 请求。 (0x12B)
[1106/181413.822:ERROR:process_memory_win.cc(73)] ReadMemory at 0x112a7f92230 of 512 bytes failed: 仅完成部分的 ReadProcessMemory 或 WriteProcessMemory 请求。 (0x12B)
[1106/181413.822:ERROR:process_memory_win.cc(73)] ReadMemory at 0x112aa002910 of 512 bytes failed: 仅完成部分的 ReadProcessMemory 或 WriteProcessMemory 请求。 (0x12B)
[1106/181413.822:ERROR:process_memory_win.cc(73)] ReadMemory at 0x112ac74b5c0 of 512 bytes failed: 仅完成部分的 ReadProcessMemory 或 WriteProcessMemory 请求。 (0x12B)
[1106/181413.822:ERROR:process_memory_win.cc(73)] ReadMemory at 0x7cdb5a73178 of 512 bytes failed: 仅完成部分的 ReadProcessMemory 或 WriteProcessMemory 请求。 (0x12B)
[1106/181413.822:ERROR:process_memory_win.cc(73)] ReadMemory at 0x7cdb5cb8a80 of 612 bytes failed: 仅完成部分的 ReadProcessMemory 或 WriteProcessMemory 请求。 (0x12B)
[1106/181413.822:ERROR:process_memory_win.cc(73)] ReadMemory at 0x7ffd5fa4c16c of 512 bytes failed: 仅完成部分的 ReadProcessMemory 或 WriteProcessMemory 请求。 (0x12B)
[1106/181413.822:ERROR:process_memory_win.cc(73)] ReadMemory at 0x7ffd612d62d7 of 512 bytes failed: 仅完成部分的 ReadProcessMemory 或 WriteProcessMemory 请求。 (0x12B)
[1106/181413.822:ERROR:process_memory_win.cc(73)] ReadMemory at 0x7ffd815f7f35 of 512 bytes failed: 仅完成部分的 ReadProcessMemory 或 WriteProcessMemory 请求。 (0x12B)
[1106/181413.822:ERROR:process_memory_win.cc(73)] ReadMemory at 0x7ffd815f872e of 512 bytes failed: 仅完成部分的 ReadProcessMemory 或 WriteProcessMemory 请求。 (0x12B)
[1106/181413.823:ERROR:process_memory_win.cc(73)] ReadMemory at 0x7ffdacd1fb91 of 512 bytes failed: 仅完成部分的 ReadProcessMemory 或 WriteProcessMemory 请求。 (0x12B)
[1106/181413.823:ERROR:process_memory_win.cc(73)] ReadMemory at 0x7ffdacd7c0c4 of 672 bytes failed: 仅完成部分的 ReadProcessMemory 或 WriteProcessMemory 请求。 (0x12B)
[1106/181413.823:ERROR:process_memory_win.cc(73)] ReadMemory at 0x7ffdacd7f974 of 608 bytes failed: 仅完成部分的 ReadProcessMemory 或 WriteProcessMemory 请求。 (0x12B)
[1106/181413.823:ERROR:process_memory_win.cc(73)] ReadMemory at 0x7ffdace0c428 of 18 bytes failed: 仅完成部分的 ReadProcessMemory 或 WriteProcessMemory 请求。 (0x12B)
[1106/181413.823:ERROR:process_memory_win.cc(73)] ReadMemory at 0x7ffdace3f4f8 of 40 bytes failed: 仅完成部分的 ReadProcessMemory 或 WriteProcessMemory 请求。 (0x12B)
[1106/181413.823:ERROR:process_memory_win.cc(73)] ReadMemory at 0x7ffdace3f978 of 48 bytes failed: 仅完成部分的 ReadProcessMemory 或 WriteProcessMemory 请求。 (0x12B)
[1106/181413.823:ERROR:process_memory_win.cc(73)] ReadMemory at 0x7ffdace453c0 of 64 bytes failed: 仅完成部分的 ReadProcessMemory 或 WriteProcessMemory 请求。 (0x12B)
[1106/181413.824:ERROR:scoped_process_suspend.cc(40)] NtResumeProcess: 已尝试访问正在退出的过程。 (0xc000010a)
[0427/144643.150:ERROR:process_reader_win.cc(123)] NtOpenThread: {无法访问} 过程已请求访问一对象，但未给访问权限。 (0xc0000022)
[0427/144643.088:ERROR:process_reader_win.cc(123)] NtOpenThread: {无法访问} 过程已请求访问一对象，但未给访问权限。 (0xc0000022)
[0427/144643.493:ERROR:exception_snapshot_win.cc(98)] thread ID 136788 not found in process
[0427/144643.493:ERROR:exception_snapshot_win.cc(98)] thread ID 107620 not found in process
